<?xml version="1.0" encoding="UTF-8"?>
<testsuite name="Password_CheckerTest" tests="1" skipped="0" failures="0" errors="0" timestamp="2020-03-05T06:30:06" hostname="umuzi-admin" time="0.002">
  <properties/>
  <testcase name="Password" classname="Password_CheckerTest" time="0.002"/>
  <system-out><![CDATA[]]></system-out>
  <system-err><![CDATA[]]></system-err>
</testsuite>
